This file contains any messages produced by compilers while
running configure, to aid debugging if configure makes a mistake.

It was created by avl_file configure 0.5.0, which was
generated by GNU Autoconf 2.63.  Invocation command line was

  $ ./configure 

## --------- ##
## Platform. ##
## --------- ##

hostname = Eniac-399A
uname -m = i686
uname -r = 3.2.0-70-generic-pae
uname -s = Linux
uname -v = #105-Ubuntu SMP Wed Sep 24 20:08:22 UTC 2014

/usr/bin/uname -p = unknown
/bin/uname -X     = unknown

/bin/arch              = unknown
/usr/bin/arch -k       = unknown
/usr/convex/getsysinfo = unknown
/usr/bin/hostinfo      = unknown
/bin/machine           = unknown
/usr/bin/oslevel       = unknown
/bin/universe          = unknown

PATH: /usr/local/sbin
PATH: /usr/local/bin
PATH: /usr/sbin
PATH: /usr/bin
PATH: /sbin
PATH: /bin
PATH: /usr/games


## ----------- ##
## Core tests. ##
## ----------- ##

configure:2067: checking for a BSD-compatible install
configure:2135: result: /usr/bin/install -c
configure:2146: checking whether build environment is sane
configure:2206: result: yes
configure:2347: checking for a thread-safe mkdir -p
configure:2386: result: /bin/mkdir -p
configure:2399: checking for gawk
configure:2415: found /usr/bin/gawk
configure:2426: result: gawk
configure:2437: checking whether make sets $(MAKE)
configure:2459: result: yes
configure:2594: checking for gcc
configure:2610: found /usr/bin/gcc
configure:2621: result: gcc
configure:2853: checking for C compiler version
configure:2861: gcc --version >&5
gcc (Ubuntu/Linaro 4.6.3-1ubuntu5) 4.6.3
Copyright (C) 2011 Free Software Foundation, Inc.
This is free software; see the source for copying conditions.  There is NO
warranty; not even for MERCHANTABILITY or FITNESS FOR A PARTICULAR PURPOSE.

configure:2865: $? = 0
configure:2872: gcc -v >&5
Using built-in specs.
COLLECT_GCC=gcc
COLLECT_LTO_WRAPPER=/usr/lib/gcc/i686-linux-gnu/4.6/lto-wrapper
Target: i686-linux-gnu
Configured with: ../src/configure -v --with-pkgversion='Ubuntu/Linaro 4.6.3-1ubuntu5' --with-bugurl=file:///usr/share/doc/gcc-4.6/README.Bugs --enable-languages=c,c++,fortran,objc,obj-c++ --prefix=/usr --program-suffix=-4.6 --enable-shared --enable-linker-build-id --with-system-zlib --libexecdir=/usr/lib --without-included-gettext --enable-threads=posix --with-gxx-include-dir=/usr/include/c++/4.6 --libdir=/usr/lib --enable-nls --with-sysroot=/ --enable-clocale=gnu --enable-libstdcxx-debug --enable-libstdcxx-time=yes --enable-gnu-unique-object --enable-plugin --enable-objc-gc --enable-targets=all --disable-werror --with-arch-32=i686 --with-tune=generic --enable-checking=release --build=i686-linux-gnu --host=i686-linux-gnu --target=i686-linux-gnu
Thread model: posix
gcc version 4.6.3 (Ubuntu/Linaro 4.6.3-1ubuntu5) 
configure:2876: $? = 0
configure:2883: gcc -V >&5
gcc: error: unrecognized option '-V'
gcc: fatal error: no input files
compilation terminated.
configure:2887: $? = 4
configure:2910: checking for C compiler default output file name
configure:2932: gcc    conftest.c  >&5
configure:2936: $? = 0
configure:2974: result: a.out
configure:2993: checking whether the C compiler works
configure:3003: ./a.out
configure:3007: $? = 0
configure:3026: result: yes
configure:3033: checking whether we are cross compiling
configure:3035: result: no
configure:3038: checking for suffix of executables
configure:3045: gcc -o conftest    conftest.c  >&5
configure:3049: $? = 0
configure:3075: result: 
configure:3081: checking for suffix of object files
configure:3107: gcc -c   conftest.c >&5
configure:3111: $? = 0
configure:3136: result: o
configure:3140: checking whether we are using the GNU C compiler
configure:3169: gcc -c   conftest.c >&5
configure:3176: $? = 0
configure:3193: result: yes
configure:3202: checking whether gcc accepts -g
configure:3232: gcc -c -g  conftest.c >&5
configure:3239: $? = 0
configure:3340: result: yes
configure:3357: checking for gcc option to accept ISO C89
configure:3431: gcc  -c -g -O2  conftest.c >&5
configure:3438: $? = 0
configure:3461: result: none needed
configure:3490: checking for style of include used by make
configure:3518: result: GNU
configure:3543: checking dependency style of gcc
configure:3653: result: gcc3
configure:3699: checking build system type
configure:3717: result: i686-pc-linux-gnu
configure:3739: checking host system type
configure:3754: result: i686-pc-linux-gnu
configure:3776: checking for a sed that does not truncate output
configure:3842: result: /bin/sed
configure:3860: checking for grep that handles long lines and -e
configure:3920: result: /bin/grep
configure:3925: checking for egrep
configure:3989: result: /bin/grep -E
configure:3994: checking for fgrep
configure:4058: result: /bin/grep -F
configure:4093: checking for ld used by gcc
configure:4160: result: /usr/bin/ld
configure:4169: checking if the linker (/usr/bin/ld) is GNU ld
configure:4184: result: yes
configure:4196: checking for BSD- or MS-compatible name lister (nm)
configure:4245: result: /usr/bin/nm -B
configure:4363: checking the name lister (/usr/bin/nm -B) interface
configure:4370: gcc -c -g -O2  conftest.c >&5
configure:4373: /usr/bin/nm -B "conftest.o"
configure:4376: output
00000000 B some_variable
configure:4383: result: BSD nm
configure:4386: checking whether ln -s works
configure:4390: result: yes
configure:4398: checking the maximum length of command line arguments
configure:4518: result: 1572864
configure:4535: checking whether the shell understands some XSI constructs
configure:4545: result: yes
configure:4549: checking whether the shell understands "+="
configure:4555: result: yes
configure:4590: checking for /usr/bin/ld option to reload object files
configure:4597: result: -r
configure:4666: checking for objdump
configure:4682: found /usr/bin/objdump
configure:4693: result: objdump
configure:4725: checking how to recognize dependent libraries
configure:4921: result: pass_all
configure:4981: checking for ar
configure:4997: found /usr/bin/ar
configure:5008: result: ar
configure:5086: checking for strip
configure:5102: found /usr/bin/strip
configure:5113: result: strip
configure:5185: checking for ranlib
configure:5201: found /usr/bin/ranlib
configure:5212: result: ranlib
configure:5302: checking command to parse /usr/bin/nm -B output from gcc object
configure:5420: gcc -c -g -O2  conftest.c >&5
configure:5423: $? = 0
configure:5427: /usr/bin/nm -B conftest.o \| sed -n -e 's/^.*[	 ]\([ABCDGIRSTW][ABCDGIRSTW]*\)[	 ][	 ]*\([_A-Za-z][_A-Za-z0-9]*\)$/\1 \2 \2/p' \> conftest.nm
configure:5430: $? = 0
configure:5484: gcc -o conftest -g -O2   conftest.c conftstm.o >&5
configure:5487: $? = 0
configure:5525: result: ok
configure:6392: checking how to run the C preprocessor
configure:6432: gcc -E  conftest.c
configure:6439: $? = 0
configure:6470: gcc -E  conftest.c
conftest.c:10:28: fatal error: ac_nonexistent.h: No such file or directory
compilation terminated.
configure:6477: $? = 1
configure: failed program was:
| /* confdefs.h.  */
| #define PACKAGE_NAME "avl_file"
| #define PACKAGE_TARNAME "avl_file"
| #define PACKAGE_VERSION "0.5.0"
| #define PACKAGE_STRING "avl_file 0.5.0"
| #define PACKAGE_BUGREPORT "michael.h.williamson@gmail.com"
| #define PACKAGE "avl_file"
| #define VERSION "0.5.0"
| /* end confdefs.h.  */
| #include <ac_nonexistent.h>
configure:6510: result: gcc -E
configure:6539: gcc -E  conftest.c
configure:6546: $? = 0
configure:6577: gcc -E  conftest.c
conftest.c:10:28: fatal error: ac_nonexistent.h: No such file or directory
compilation terminated.
configure:6584: $? = 1
configure: failed program was:
| /* confdefs.h.  */
| #define PACKAGE_NAME "avl_file"
| #define PACKAGE_TARNAME "avl_file"
| #define PACKAGE_VERSION "0.5.0"
| #define PACKAGE_STRING "avl_file 0.5.0"
| #define PACKAGE_BUGREPORT "michael.h.williamson@gmail.com"
| #define PACKAGE "avl_file"
| #define VERSION "0.5.0"
| /* end confdefs.h.  */
| #include <ac_nonexistent.h>
configure:6624: checking for ANSI C header files
configure:6654: gcc -c -g -O2  conftest.c >&5
configure:6661: $? = 0
configure:6760: gcc -o conftest -g -O2   conftest.c  >&5
configure:6764: $? = 0
configure:6770: ./conftest
configure:6774: $? = 0
configure:6792: result: yes
configure:6816: checking for sys/types.h
configure:6837: gcc -c -g -O2  conftest.c >&5
configure:6844: $? = 0
configure:6861: result: yes
configure:6816: checking for sys/stat.h
configure:6837: gcc -c -g -O2  conftest.c >&5
configure:6844: $? = 0
configure:6861: result: yes
configure:6816: checking for stdlib.h
configure:6837: gcc -c -g -O2  conftest.c >&5
configure:6844: $? = 0
configure:6861: result: yes
configure:6816: checking for string.h
configure:6837: gcc -c -g -O2  conftest.c >&5
configure:6844: $? = 0
configure:6861: result: yes
configure:6816: checking for memory.h
configure:6837: gcc -c -g -O2  conftest.c >&5
configure:6844: $? = 0
configure:6861: result: yes
configure:6816: checking for strings.h
configure:6837: gcc -c -g -O2  conftest.c >&5
configure:6844: $? = 0
configure:6861: result: yes
configure:6816: checking for inttypes.h
configure:6837: gcc -c -g -O2  conftest.c >&5
configure:6844: $? = 0
configure:6861: result: yes
configure:6816: checking for stdint.h
configure:6837: gcc -c -g -O2  conftest.c >&5
configure:6844: $? = 0
configure:6861: result: yes
configure:6816: checking for unistd.h
configure:6837: gcc -c -g -O2  conftest.c >&5
configure:6844: $? = 0
configure:6861: result: yes
configure:6879: checking for dlfcn.h
configure:6900: gcc -c -g -O2  conftest.c >&5
configure:6907: $? = 0
configure:6924: result: yes
configure:7110: checking for objdir
configure:7125: result: .libs
configure:7417: checking if gcc supports -fno-rtti -fno-exceptions
configure:7435: gcc -c -g -O2  -fno-rtti -fno-exceptions conftest.c >&5
cc1: warning: command line option '-fno-rtti' is valid for C++/ObjC++ but not for C [enabled by default]
configure:7439: $? = 0
configure:7452: result: no
configure:7472: checking for gcc option to produce PIC
configure:7744: result: -fPIC -DPIC
configure:7756: checking if gcc PIC flag -fPIC -DPIC works
configure:7774: gcc -c -g -O2  -fPIC -DPIC -DPIC conftest.c >&5
configure:7778: $? = 0
configure:7791: result: yes
configure:7815: checking if gcc static flag -static works
configure:7843: result: yes
configure:7858: checking if gcc supports -c -o file.o
configure:7879: gcc -c -g -O2  -o out/conftest2.o conftest.c >&5
configure:7883: $? = 0
configure:7905: result: yes
configure:7913: checking if gcc supports -c -o file.o
configure:7960: result: yes
configure:7993: checking whether the gcc linker (/usr/bin/ld) supports shared libraries
configure:9067: result: yes
configure:9104: checking whether -lc should be explicitly linked in
configure:9109: gcc -c -g -O2  conftest.c >&5
configure:9112: $? = 0
configure:9127: gcc -shared conftest.o  -v -Wl,-soname -Wl,conftest -o conftest 2\>\&1 \| /bin/grep  -lc  \>/dev/null 2\>\&1
configure:9130: $? = 0
configure:9142: result: no
configure:9306: checking dynamic linker characteristics
configure:9749: gcc -o conftest -g -O2   -Wl,-rpath -Wl,/foo conftest.c  >&5
configure:9756: $? = 0
configure:9989: result: GNU/Linux ld.so
configure:10091: checking how to hardcode library paths into programs
configure:10116: result: immediate
configure:10949: checking whether stripping libraries is possible
configure:10954: result: yes
configure:10989: checking if libtool supports shared libraries
configure:10991: result: yes
configure:10994: checking whether to build shared libraries
configure:11015: result: yes
configure:11018: checking whether to build static libraries
configure:11022: result: yes
configure:11100: checking for ranlib
configure:11127: result: ranlib
configure:11173: checking fcntl.h usability
configure:11190: gcc -c -g -O2  conftest.c >&5
configure:11197: $? = 0
configure:11211: result: yes
configure:11215: checking fcntl.h presence
configure:11230: gcc -E  conftest.c
configure:11237: $? = 0
configure:11251: result: yes
configure:11284: checking for fcntl.h
configure:11293: result: yes
configure:11162: checking for stdlib.h
configure:11169: result: yes
configure:11162: checking for string.h
configure:11169: result: yes
configure:11173: checking sys/file.h usability
configure:11190: gcc -c -g -O2  conftest.c >&5
configure:11197: $? = 0
configure:11211: result: yes
configure:11215: checking sys/file.h presence
configure:11230: gcc -E  conftest.c
configure:11237: $? = 0
configure:11251: result: yes
configure:11284: checking for sys/file.h
configure:11293: result: yes
configure:11162: checking for unistd.h
configure:11169: result: yes
configure:11311: checking for int32_t
configure:11342: gcc -c -g -O2  conftest.c >&5
configure:11349: $? = 0
configure:11378: gcc -c -g -O2  conftest.c >&5
conftest.c: In function 'main':
conftest.c:64:53: warning: integer overflow in expression [-Woverflow]
conftest.c:63:12: error: size of array 'test_array' is negative
conftest.c:63:12: error: storage size of 'test_array' isn't constant
configure:11385: $? = 1
configure: failed program was:
| /* confdefs.h.  */
| #define PACKAGE_NAME "avl_file"
| #define PACKAGE_TARNAME "avl_file"
| #define PACKAGE_VERSION "0.5.0"
| #define PACKAGE_STRING "avl_file 0.5.0"
| #define PACKAGE_BUGREPORT "michael.h.williamson@gmail.com"
| #define PACKAGE "avl_file"
| #define VERSION "0.5.0"
| #define STDC_HEADERS 1
| #define HAVE_SYS_TYPES_H 1
| #define HAVE_SYS_STAT_H 1
| #define HAVE_STDLIB_H 1
| #define HAVE_STRING_H 1
| #define HAVE_MEMORY_H 1
| #define HAVE_STRINGS_H 1
| #define HAVE_INTTYPES_H 1
| #define HAVE_STDINT_H 1
| #define HAVE_UNISTD_H 1
| #define HAVE_DLFCN_H 1
| #define LT_OBJDIR ".libs/"
| #define HAVE_FCNTL_H 1
| #define HAVE_STDLIB_H 1
| #define HAVE_STRING_H 1
| #define HAVE_SYS_FILE_H 1
| #define HAVE_UNISTD_H 1
| /* end confdefs.h.  */
| #include <stdio.h>
| #ifdef HAVE_SYS_TYPES_H
| # include <sys/types.h>
| #endif
| #ifdef HAVE_SYS_STAT_H
| # include <sys/stat.h>
| #endif
| #ifdef STDC_HEADERS
| # include <stdlib.h>
| # include <stddef.h>
| #else
| # ifdef HAVE_STDLIB_H
| #  include <stdlib.h>
| # endif
| #endif
| #ifdef HAVE_STRING_H
| # if !defined STDC_HEADERS && defined HAVE_MEMORY_H
| #  include <memory.h>
| # endif
| # include <string.h>
| #endif
| #ifdef HAVE_STRINGS_H
| # include <strings.h>
| #endif
| #ifdef HAVE_INTTYPES_H
| # include <inttypes.h>
| #endif
| #ifdef HAVE_STDINT_H
| # include <stdint.h>
| #endif
| #ifdef HAVE_UNISTD_H
| # include <unistd.h>
| #endif
| int
| main ()
| {
| static int test_array [1 - 2 * !((int32_t) ((((int32_t) 1 << (32 - 2)) - 1) * 2 + 1)
| 		 < (int32_t) ((((int32_t) 1 << (32 - 2)) - 1) * 2 + 2))];
| test_array [0] = 0
| 
|   ;
|   return 0;
| }
configure:11414: result: yes
configure:11427: checking for int64_t
configure:11458: gcc -c -g -O2  conftest.c >&5
configure:11465: $? = 0
configure:11494: gcc -c -g -O2  conftest.c >&5
conftest.c: In function 'main':
conftest.c:64:53: warning: integer overflow in expression [-Woverflow]
conftest.c:63:12: error: size of array 'test_array' is negative
conftest.c:63:12: error: storage size of 'test_array' isn't constant
configure:11501: $? = 1
configure: failed program was:
| /* confdefs.h.  */
| #define PACKAGE_NAME "avl_file"
| #define PACKAGE_TARNAME "avl_file"
| #define PACKAGE_VERSION "0.5.0"
| #define PACKAGE_STRING "avl_file 0.5.0"
| #define PACKAGE_BUGREPORT "michael.h.williamson@gmail.com"
| #define PACKAGE "avl_file"
| #define VERSION "0.5.0"
| #define STDC_HEADERS 1
| #define HAVE_SYS_TYPES_H 1
| #define HAVE_SYS_STAT_H 1
| #define HAVE_STDLIB_H 1
| #define HAVE_STRING_H 1
| #define HAVE_MEMORY_H 1
| #define HAVE_STRINGS_H 1
| #define HAVE_INTTYPES_H 1
| #define HAVE_STDINT_H 1
| #define HAVE_UNISTD_H 1
| #define HAVE_DLFCN_H 1
| #define LT_OBJDIR ".libs/"
| #define HAVE_FCNTL_H 1
| #define HAVE_STDLIB_H 1
| #define HAVE_STRING_H 1
| #define HAVE_SYS_FILE_H 1
| #define HAVE_UNISTD_H 1
| /* end confdefs.h.  */
| #include <stdio.h>
| #ifdef HAVE_SYS_TYPES_H
| # include <sys/types.h>
| #endif
| #ifdef HAVE_SYS_STAT_H
| # include <sys/stat.h>
| #endif
| #ifdef STDC_HEADERS
| # include <stdlib.h>
| # include <stddef.h>
| #else
| # ifdef HAVE_STDLIB_H
| #  include <stdlib.h>
| # endif
| #endif
| #ifdef HAVE_STRING_H
| # if !defined STDC_HEADERS && defined HAVE_MEMORY_H
| #  include <memory.h>
| # endif
| # include <string.h>
| #endif
| #ifdef HAVE_STRINGS_H
| # include <strings.h>
| #endif
| #ifdef HAVE_INTTYPES_H
| # include <inttypes.h>
| #endif
| #ifdef HAVE_STDINT_H
| # include <stdint.h>
| #endif
| #ifdef HAVE_UNISTD_H
| # include <unistd.h>
| #endif
| int
| main ()
| {
| static int test_array [1 - 2 * !((int64_t) ((((int64_t) 1 << (64 - 2)) - 1) * 2 + 1)
| 		 < (int64_t) ((((int64_t) 1 << (64 - 2)) - 1) * 2 + 2))];
| test_array [0] = 0
| 
|   ;
|   return 0;
| }
configure:11530: result: yes
configure:11542: checking for off_t
configure:11570: gcc -c -g -O2  conftest.c >&5
configure:11577: $? = 0
configure:11604: gcc -c -g -O2  conftest.c >&5
conftest.c: In function 'main':
conftest.c:63:20: error: expected expression before ')' token
configure:11611: $? = 1
configure: failed program was:
| /* confdefs.h.  */
| #define PACKAGE_NAME "avl_file"
| #define PACKAGE_TARNAME "avl_file"
| #define PACKAGE_VERSION "0.5.0"
| #define PACKAGE_STRING "avl_file 0.5.0"
| #define PACKAGE_BUGREPORT "michael.h.williamson@gmail.com"
| #define PACKAGE "avl_file"
| #define VERSION "0.5.0"
| #define STDC_HEADERS 1
| #define HAVE_SYS_TYPES_H 1
| #define HAVE_SYS_STAT_H 1
| #define HAVE_STDLIB_H 1
| #define HAVE_STRING_H 1
| #define HAVE_MEMORY_H 1
| #define HAVE_STRINGS_H 1
| #define HAVE_INTTYPES_H 1
| #define HAVE_STDINT_H 1
| #define HAVE_UNISTD_H 1
| #define HAVE_DLFCN_H 1
| #define LT_OBJDIR ".libs/"
| #define HAVE_FCNTL_H 1
| #define HAVE_STDLIB_H 1
| #define HAVE_STRING_H 1
| #define HAVE_SYS_FILE_H 1
| #define HAVE_UNISTD_H 1
| /* end confdefs.h.  */
| #include <stdio.h>
| #ifdef HAVE_SYS_TYPES_H
| # include <sys/types.h>
| #endif
| #ifdef HAVE_SYS_STAT_H
| # include <sys/stat.h>
| #endif
| #ifdef STDC_HEADERS
| # include <stdlib.h>
| # include <stddef.h>
| #else
| # ifdef HAVE_STDLIB_H
| #  include <stdlib.h>
| # endif
| #endif
| #ifdef HAVE_STRING_H
| # if !defined STDC_HEADERS && defined HAVE_MEMORY_H
| #  include <memory.h>
| # endif
| # include <string.h>
| #endif
| #ifdef HAVE_STRINGS_H
| # include <strings.h>
| #endif
| #ifdef HAVE_INTTYPES_H
| # include <inttypes.h>
| #endif
| #ifdef HAVE_STDINT_H
| # include <stdint.h>
| #endif
| #ifdef HAVE_UNISTD_H
| # include <unistd.h>
| #endif
| int
| main ()
| {
| if (sizeof ((off_t)))
| 	  return 0;
|   ;
|   return 0;
| }
configure:11634: result: yes
configure:11646: checking for pid_t
configure:11674: gcc -c -g -O2  conftest.c >&5
configure:11681: $? = 0
configure:11708: gcc -c -g -O2  conftest.c >&5
conftest.c: In function 'main':
conftest.c:63:20: error: expected expression before ')' token
configure:11715: $? = 1
configure: failed program was:
| /* confdefs.h.  */
| #define PACKAGE_NAME "avl_file"
| #define PACKAGE_TARNAME "avl_file"
| #define PACKAGE_VERSION "0.5.0"
| #define PACKAGE_STRING "avl_file 0.5.0"
| #define PACKAGE_BUGREPORT "michael.h.williamson@gmail.com"
| #define PACKAGE "avl_file"
| #define VERSION "0.5.0"
| #define STDC_HEADERS 1
| #define HAVE_SYS_TYPES_H 1
| #define HAVE_SYS_STAT_H 1
| #define HAVE_STDLIB_H 1
| #define HAVE_STRING_H 1
| #define HAVE_MEMORY_H 1
| #define HAVE_STRINGS_H 1
| #define HAVE_INTTYPES_H 1
| #define HAVE_STDINT_H 1
| #define HAVE_UNISTD_H 1
| #define HAVE_DLFCN_H 1
| #define LT_OBJDIR ".libs/"
| #define HAVE_FCNTL_H 1
| #define HAVE_STDLIB_H 1
| #define HAVE_STRING_H 1
| #define HAVE_SYS_FILE_H 1
| #define HAVE_UNISTD_H 1
| /* end confdefs.h.  */
| #include <stdio.h>
| #ifdef HAVE_SYS_TYPES_H
| # include <sys/types.h>
| #endif
| #ifdef HAVE_SYS_STAT_H
| # include <sys/stat.h>
| #endif
| #ifdef STDC_HEADERS
| # include <stdlib.h>
| # include <stddef.h>
| #else
| # ifdef HAVE_STDLIB_H
| #  include <stdlib.h>
| # endif
| #endif
| #ifdef HAVE_STRING_H
| # if !defined STDC_HEADERS && defined HAVE_MEMORY_H
| #  include <memory.h>
| # endif
| # include <string.h>
| #endif
| #ifdef HAVE_STRINGS_H
| # include <strings.h>
| #endif
| #ifdef HAVE_INTTYPES_H
| # include <inttypes.h>
| #endif
| #ifdef HAVE_STDINT_H
| # include <stdint.h>
| #endif
| #ifdef HAVE_UNISTD_H
| # include <unistd.h>
| #endif
| int
| main ()
| {
| if (sizeof ((pid_t)))
| 	  return 0;
|   ;
|   return 0;
| }
configure:11738: result: yes
configure:11757: checking for stdlib.h
configure:11764: result: yes
configure:11903: checking for GNU libc compatible malloc
configure:11937: gcc -o conftest -g -O2   conftest.c  >&5
configure:11941: $? = 0
configure:11947: ./conftest
configure:11951: $? = 0
configure:11968: result: yes
configure:12002: checking for ftruncate
configure:12058: gcc -o conftest -g -O2   conftest.c  >&5
configure:12065: $? = 0
configure:12087: result: yes
configure:12002: checking for memset
configure:12058: gcc -o conftest -g -O2   conftest.c  >&5
conftest.c:53:6: warning: conflicting types for built-in function 'memset' [enabled by default]
configure:12065: $? = 0
configure:12087: result: yes
configure:12002: checking for setenv
configure:12058: gcc -o conftest -g -O2   conftest.c  >&5
configure:12065: $? = 0
configure:12087: result: yes
configure:12226: creating ./config.status

## ---------------------- ##
## Running config.status. ##
## ---------------------- ##

This file was extended by avl_file config.status 0.5.0, which was
generated by GNU Autoconf 2.63.  Invocation command line was

  CONFIG_FILES    = 
  CONFIG_HEADERS  = 
  CONFIG_LINKS    = 
  CONFIG_COMMANDS = 
  $ ./config.status 

on Eniac-399A

config.status:993: creating Makefile
config.status:993: creating config.h
config.status:1267: executing depfiles commands
config.status:1267: executing libtool commands

## ---------------- ##
## Cache variables. ##
## ---------------- ##

ac_cv_build=i686-pc-linux-gnu
ac_cv_c_compiler_gnu=yes
ac_cv_c_int32_t=yes
ac_cv_c_int64_t=yes
ac_cv_env_CC_set=
ac_cv_env_CC_value=
ac_cv_env_CFLAGS_set=
ac_cv_env_CFLAGS_value=
ac_cv_env_CPPFLAGS_set=
ac_cv_env_CPPFLAGS_value=
ac_cv_env_CPP_set=
ac_cv_env_CPP_value=
ac_cv_env_LDFLAGS_set=
ac_cv_env_LDFLAGS_value=
ac_cv_env_LIBS_set=
ac_cv_env_LIBS_value=
ac_cv_env_build_alias_set=
ac_cv_env_build_alias_value=
ac_cv_env_host_alias_set=
ac_cv_env_host_alias_value=
ac_cv_env_target_alias_set=
ac_cv_env_target_alias_value=
ac_cv_func_ftruncate=yes
ac_cv_func_malloc_0_nonnull=yes
ac_cv_func_memset=yes
ac_cv_func_setenv=yes
ac_cv_header_dlfcn_h=yes
ac_cv_header_fcntl_h=yes
ac_cv_header_inttypes_h=yes
ac_cv_header_memory_h=yes
ac_cv_header_stdc=yes
ac_cv_header_stdint_h=yes
ac_cv_header_stdlib_h=yes
ac_cv_header_string_h=yes
ac_cv_header_strings_h=yes
ac_cv_header_sys_file_h=yes
ac_cv_header_sys_stat_h=yes
ac_cv_header_sys_types_h=yes
ac_cv_header_unistd_h=yes
ac_cv_host=i686-pc-linux-gnu
ac_cv_objext=o
ac_cv_path_EGREP='/bin/grep -E'
ac_cv_path_FGREP='/bin/grep -F'
ac_cv_path_GREP=/bin/grep
ac_cv_path_SED=/bin/sed
ac_cv_path_install='/usr/bin/install -c'
ac_cv_path_mkdir=/bin/mkdir
ac_cv_prog_AWK=gawk
ac_cv_prog_CPP='gcc -E'
ac_cv_prog_ac_ct_AR=ar
ac_cv_prog_ac_ct_CC=gcc
ac_cv_prog_ac_ct_OBJDUMP=objdump
ac_cv_prog_ac_ct_RANLIB=ranlib
ac_cv_prog_ac_ct_STRIP=strip
ac_cv_prog_cc_c89=
ac_cv_prog_cc_g=yes
ac_cv_prog_make_make_set=yes
ac_cv_type_off_t=yes
ac_cv_type_pid_t=yes
am_cv_CC_dependencies_compiler_type=gcc3
lt_cv_deplibs_check_method=pass_all
lt_cv_file_magic_cmd='$MAGIC_CMD'
lt_cv_file_magic_test_file=
lt_cv_ld_reload_flag=-r
lt_cv_nm_interface='BSD nm'
lt_cv_objdir=.libs
lt_cv_path_LD=/usr/bin/ld
lt_cv_path_NM='/usr/bin/nm -B'
lt_cv_prog_compiler_c_o=yes
lt_cv_prog_compiler_pic_works=yes
lt_cv_prog_compiler_rtti_exceptions=no
lt_cv_prog_compiler_static_works=yes
lt_cv_prog_gnu_ld=yes
lt_cv_sys_global_symbol_pipe='sed -n -e '\''s/^.*[	 ]\([ABCDGIRSTW][ABCDGIRSTW]*\)[	 ][	 ]*\([_A-Za-z][_A-Za-z0-9]*\)$/\1 \2 \2/p'\'''
lt_cv_sys_global_symbol_to_c_name_address='sed -n -e '\''s/^: \([^ ]*\) $/  {\"\1\", (void *) 0},/p'\'' -e '\''s/^[ABCDGIRSTW]* \([^ ]*\) \([^ ]*\)$/  {"\2", (void *) \&\2},/p'\'''
lt_cv_sys_global_symbol_to_c_name_address_lib_prefix='sed -n -e '\''s/^: \([^ ]*\) $/  {\"\1\", (void *) 0},/p'\'' -e '\''s/^[ABCDGIRSTW]* \([^ ]*\) \(lib[^ ]*\)$/  {"\2", (void *) \&\2},/p'\'' -e '\''s/^[ABCDGIRSTW]* \([^ ]*\) \([^ ]*\)$/  {"lib\2", (void *) \&\2},/p'\'''
lt_cv_sys_global_symbol_to_cdecl='sed -n -e '\''s/^T .* \(.*\)$/extern int \1();/p'\'' -e '\''s/^[ABCDGIRSTW]* .* \(.*\)$/extern char \1;/p'\'''
lt_cv_sys_max_cmd_len=1572864

## ----------------- ##
## Output variables. ##
## ----------------- ##

ACLOCAL='${SHELL} /usr/local/src/avl_file-0.5.0/missing --run aclocal-1.11'
AMDEPBACKSLASH='\'
AMDEP_FALSE='#'
AMDEP_TRUE=''
AMTAR='${SHELL} /usr/local/src/avl_file-0.5.0/missing --run tar'
AR='ar'
AUTOCONF='${SHELL} /usr/local/src/avl_file-0.5.0/missing --run autoconf'
AUTOHEADER='${SHELL} /usr/local/src/avl_file-0.5.0/missing --run autoheader'
AUTOMAKE='${SHELL} /usr/local/src/avl_file-0.5.0/missing --run automake-1.11'
AWK='gawk'
CC='gcc'
CCDEPMODE='depmode=gcc3'
CFLAGS='-g -O2'
CPP='gcc -E'
CPPFLAGS=''
CYGPATH_W='echo'
DEFS='-DHAVE_CONFIG_H'
DEPDIR='.deps'
DSYMUTIL=''
DUMPBIN=''
ECHO_C=''
ECHO_N='-n'
ECHO_T=''
EGREP='/bin/grep -E'
EXEEXT=''
FGREP='/bin/grep -F'
GREP='/bin/grep'
INSTALL_DATA='${INSTALL} -m 644'
INSTALL_PROGRAM='${INSTALL}'
INSTALL_SCRIPT='${INSTALL}'
INSTALL_STRIP_PROGRAM='$(install_sh) -c -s'
LD='/usr/bin/ld'
LDFLAGS=''
LIBOBJS=''
LIBS=''
LIBTOOL='$(SHELL) $(top_builddir)/libtool'
LIPO=''
LN_S='ln -s'
LTLIBOBJS=''
MAKEINFO='${SHELL} /usr/local/src/avl_file-0.5.0/missing --run makeinfo'
MKDIR_P='/bin/mkdir -p'
NM='/usr/bin/nm -B'
NMEDIT=''
OBJDUMP='objdump'
OBJEXT='o'
OTOOL64=''
OTOOL=''
PACKAGE='avl_file'
PACKAGE_BUGREPORT='michael.h.williamson@gmail.com'
PACKAGE_NAME='avl_file'
PACKAGE_STRING='avl_file 0.5.0'
PACKAGE_TARNAME='avl_file'
PACKAGE_VERSION='0.5.0'
PATH_SEPARATOR=':'
RANLIB='ranlib'
SED='/bin/sed'
SET_MAKE=''
SHELL='/bin/bash'
STRIP='strip'
VERSION='0.5.0'
ac_ct_CC='gcc'
ac_ct_DUMPBIN=''
am__EXEEXT_FALSE=''
am__EXEEXT_TRUE='#'
am__fastdepCC_FALSE='#'
am__fastdepCC_TRUE=''
am__include='include'
am__isrc=''
am__leading_dot='.'
am__quote=''
am__tar='${AMTAR} chof - "$$tardir"'
am__untar='${AMTAR} xf -'
bindir='${exec_prefix}/bin'
build='i686-pc-linux-gnu'
build_alias=''
build_cpu='i686'
build_os='linux-gnu'
build_vendor='pc'
datadir='${datarootdir}'
datarootdir='${prefix}/share'
docdir='${datarootdir}/doc/${PACKAGE_TARNAME}'
dvidir='${docdir}'
exec_prefix='${prefix}'
host='i686-pc-linux-gnu'
host_alias=''
host_cpu='i686'
host_os='linux-gnu'
host_vendor='pc'
htmldir='${docdir}'
includedir='${prefix}/include'
infodir='${datarootdir}/info'
install_sh='${SHELL} /usr/local/src/avl_file-0.5.0/install-sh'
libdir='${exec_prefix}/lib'
libexecdir='${exec_prefix}/libexec'
localedir='${datarootdir}/locale'
localstatedir='${prefix}/var'
lt_ECHO='echo'
mandir='${datarootdir}/man'
mkdir_p='/bin/mkdir -p'
oldincludedir='/usr/include'
pdfdir='${docdir}'
prefix='/usr/local'
program_transform_name='s,x,x,'
psdir='${docdir}'
sbindir='${exec_prefix}/sbin'
sharedstatedir='${prefix}/com'
sysconfdir='${prefix}/etc'
target_alias=''

## ----------- ##
## confdefs.h. ##
## ----------- ##

#define PACKAGE_NAME "avl_file"
#define PACKAGE_TARNAME "avl_file"
#define PACKAGE_VERSION "0.5.0"
#define PACKAGE_STRING "avl_file 0.5.0"
#define PACKAGE_BUGREPORT "michael.h.williamson@gmail.com"
#define PACKAGE "avl_file"
#define VERSION "0.5.0"
#define STDC_HEADERS 1
#define HAVE_SYS_TYPES_H 1
#define HAVE_SYS_STAT_H 1
#define HAVE_STDLIB_H 1
#define HAVE_STRING_H 1
#define HAVE_MEMORY_H 1
#define HAVE_STRINGS_H 1
#define HAVE_INTTYPES_H 1
#define HAVE_STDINT_H 1
#define HAVE_UNISTD_H 1
#define HAVE_DLFCN_H 1
#define LT_OBJDIR ".libs/"
#define HAVE_FCNTL_H 1
#define HAVE_STDLIB_H 1
#define HAVE_STRING_H 1
#define HAVE_SYS_FILE_H 1
#define HAVE_UNISTD_H 1
#define HAVE_STDLIB_H 1
#define HAVE_MALLOC 1
#define HAVE_FTRUNCATE 1
#define HAVE_MEMSET 1
#define HAVE_SETENV 1

configure: exit 0
